<component name="libraryTable">
  <library name="Junit">
    <CLASSES>
      <root url="file://$PROJECT_DIR$/../../../06 Codes/02 Java/__library__/Junit" />
    </CLASSES>
    <JAVADOC />
    <SOURCES />
    <jarDirectory url="file://$PROJECT_DIR$/../../../06 Codes/02 Java/__library__/Junit" recursive="false" />
  </library>
</component>